<?xml version="1.0" encoding="UTF-8"?>
<testng-results skipped="0" failed="0" total="1" passed="1">
  <reporter-output>
  </reporter-output>
  <suite name="Default suite" duration-ms="39124" started-at="2018-11-29T12:00:57Z" finished-at="2018-11-29T12:01:36Z">
    <groups>
    </groups>
    <test name="Default test" duration-ms="39124" started-at="2018-11-29T12:00:57Z" finished-at="2018-11-29T12:01:36Z">
      <class name="com.test.extentreport.ExtentReport">
        <test-method status="PASS" signature="startTest()[pri:0, instance:com.test.extentreport.ExtentReport@548a9f61]" name="startTest" is-config="true" duration-ms="16053" started-at="2018-11-29T04:00:57Z" finished-at="2018-11-29T04:01:13Z">
          <reporter-output>
          </reporter-output>
        </test-method> <!-- startTest -->
        <test-method status="PASS" signature="extentReportsDemo()[pri:0, instance:com.test.extentreport.ExtentReport@548a9f61]" name="extentReportsDemo" duration-ms="19715" started-at="2018-11-29T04:01:13Z" finished-at="2018-11-29T04:01:33Z">
          <reporter-output>
          </reporter-output>
        </test-method> <!-- extentReportsDemo -->
        <test-method status="PASS" signature="endTest()[pri:0, instance:com.test.extentreport.ExtentReport@548a9f61]" name="endTest" is-config="true" duration-ms="3326" started-at="2018-11-29T04:01:33Z" finished-at="2018-11-29T04:01:36Z">
          <reporter-output>
          </reporter-output>
        </test-method> <!-- endTest -->
      </class> <!-- com.test.extentreport.ExtentReport -->
    </test> <!-- Default test -->
  </suite> <!-- Default suite -->
</testng-results>
